{"total": {"lines":{"total":116,"covered":70,"skipped":0,"pct":60.34},"statements":{"total":119,"covered":72,"skipped":0,"pct":60.5},"functions":{"total":7,"covered":4,"skipped":0,"pct":57.14},"branches":{"total":55,"covered":40,"skipped":0,"pct":72.72},"branchesTrue":{"total":0,"covered":0,"skipped":0,"pct":"Unknown"}}
,"C:\\Users\\szyed\\OneDrive - Temasek Polytechnic\\IT Work folder\\DevOps-submission part 2\\DevOps-Project-Zyedan-\\public\\js\\addCourse.js": {"lines":{"total":39,"covered":0,"skipped":0,"pct":0},"functions":{"total":2,"covered":0,"skipped":0,"pct":0},"statements":{"total":40,"covered":0,"skipped":0,"pct":0},"branches":{"total":13,"covered":0,"skipped":0,"pct":0}}
,"C:\\Users\\szyed\\OneDrive - Temasek Polytechnic\\IT Work folder\\DevOps-submission part 2\\DevOps-Project-Zyedan-\\public\\js\\updateCourse.js": {"lines":{"total":77,"covered":70,"skipped":0,"pct":90.9},"functions":{"total":5,"covered":4,"skipped":0,"pct":80},"statements":{"total":79,"covered":72,"skipped":0,"pct":91.13},"branches":{"total":42,"covered":40,"skipped":0,"pct":95.23}}
}
