{"total": {"lines":{"total":116,"covered":75,"skipped":0,"pct":64.65},"statements":{"total":119,"covered":77,"skipped":0,"pct":64.7},"functions":{"total":7,"covered":5,"skipped":0,"pct":71.42},"branches":{"total":55,"covered":41,"skipped":0,"pct":74.54},"branchesTrue":{"total":0,"covered":0,"skipped":0,"pct":"Unknown"}}
,"C:\\Users\\szyed\\OneDrive - Temasek Polytechnic\\IT Work folder\\Dev-Ops Part2\\DevOps-Project-Zyedan-\\public\\js\\addCourse.js": {"lines":{"total":39,"covered":0,"skipped":0,"pct":0},"functions":{"total":2,"covered":0,"skipped":0,"pct":0},"statements":{"total":40,"covered":0,"skipped":0,"pct":0},"branches":{"total":13,"covered":0,"skipped":0,"pct":0}}
,"C:\\Users\\szyed\\OneDrive - Temasek Polytechnic\\IT Work folder\\Dev-Ops Part2\\DevOps-Project-Zyedan-\\public\\js\\updateCourse.js": {"lines":{"total":77,"covered":75,"skipped":0,"pct":97.4},"functions":{"total":5,"covered":5,"skipped":0,"pct":100},"statements":{"total":79,"covered":77,"skipped":0,"pct":97.46},"branches":{"total":42,"covered":41,"skipped":0,"pct":97.61}}
}
