TN:
SF:public\js\addCourse.js
FN:2,addCourse
FN:37,(anonymous_1)
FNF:2
FNH:0
FNDA:0,addCourse
FNDA:0,(anonymous_1)
DA:3,0
DA:6,0
DA:7,0
DA:8,0
DA:9,0
DA:10,0
DA:13,0
DA:14,0
DA:15,0
DA:16,0
DA:19,0
DA:20,0
DA:21,0
DA:22,0
DA:25,0
DA:26,0
DA:27,0
DA:28,0
DA:31,0
DA:33,0
DA:34,0
DA:37,0
DA:38,0
DA:39,0
DA:40,0
DA:41,0
DA:42,0
DA:43,0
DA:44,0
DA:45,0
DA:46,0
DA:47,0
DA:48,0
DA:49,0
DA:50,0
DA:51,0
DA:54,0
DA:55,0
DA:58,0
LF:39
LH:0
BRDA:15,0,0,0
BRDA:15,0,1,0
BRDA:25,1,0,0
BRDA:25,1,1,0
BRDA:25,2,0,0
BRDA:25,2,1,0
BRDA:25,2,2,0
BRDA:25,2,3,0
BRDA:25,2,4,0
BRDA:25,2,5,0
BRDA:25,2,6,0
BRDA:40,3,0,0
BRDA:40,3,1,0
BRF:13
BRH:0
end_of_record
TN:
SF:public\js\updateCourse.js
FN:1,viewCourses
FN:7,(anonymous_1)
FN:31,editCourse
FN:49,updateCourse
FN:112,(anonymous_4)
FNF:5
FNH:4
FNDA:17,viewCourses
FNDA:16,(anonymous_1)
FNDA:16,editCourse
FNDA:16,updateCourse
FNDA:0,(anonymous_4)
DA:2,17
DA:3,17
DA:4,17
DA:5,17
DA:7,17
DA:8,16
DA:10,16
DA:11,16
DA:12,96
DA:26,16
DA:28,17
DA:32,16
DA:33,16
DA:35,16
DA:36,16
DA:37,16
DA:38,16
DA:39,16
DA:40,16
DA:41,16
DA:42,16
DA:44,16
DA:46,16
DA:50,16
DA:51,16
DA:53,16
DA:54,16
DA:55,16
DA:56,16
DA:57,16
DA:60,16
DA:61,16
DA:62,44
DA:63,43
DA:66,16
DA:67,16
DA:68,16
DA:69,16
DA:71,16
DA:72,1
DA:73,1
DA:75,15
DA:76,2
DA:77,2
DA:79,13
DA:80,1
DA:81,1
DA:83,12
DA:84,2
DA:85,2
DA:87,10
DA:88,1
DA:89,1
DA:91,9
DA:92,2
DA:93,2
DA:95,7
DA:96,1
DA:97,1
DA:99,6
DA:100,2
DA:101,2
DA:103,4
DA:104,2
DA:105,2
DA:108,2
DA:109,2
DA:110,2
DA:112,2
DA:113,0
DA:115,0
DA:116,0
DA:117,0
DA:118,0
DA:120,0
DA:121,0
DA:124,2
LF:77
LH:70
BRDA:62,0,0,43
BRDA:62,0,1,1
BRDA:71,1,0,1
BRDA:71,1,1,15
BRDA:71,2,0,16
BRDA:71,2,1,15
BRDA:71,2,2,15
BRDA:71,2,3,15
BRDA:71,2,4,15
BRDA:71,2,5,15
BRDA:71,2,6,15
BRDA:71,2,7,15
BRDA:75,3,0,2
BRDA:75,3,1,13
BRDA:75,4,0,15
BRDA:75,4,1,14
BRDA:79,5,0,1
BRDA:79,5,1,12
BRDA:83,6,0,2
BRDA:83,6,1,10
BRDA:83,7,0,12
BRDA:83,7,1,11
BRDA:87,8,0,1
BRDA:87,8,1,9
BRDA:91,9,0,2
BRDA:91,9,1,7
BRDA:91,10,0,9
BRDA:91,10,1,8
BRDA:95,11,0,1
BRDA:95,11,1,6
BRDA:95,12,0,7
BRDA:95,12,1,6
BRDA:99,13,0,2
BRDA:99,13,1,4
BRDA:99,14,0,6
BRDA:99,14,1,5
BRDA:103,15,0,2
BRDA:103,15,1,2
BRDA:103,16,0,4
BRDA:103,16,1,3
BRDA:115,17,0,0
BRDA:115,17,1,0
BRF:42
BRH:40
end_of_record
